
[23-01-2022 15:46:42]: searching for url > hotels+in+california
[23-01-2022 15:46:45]: writing to file > ['PlaceName', 'PlaceRating', 'PlaceReviews']
[23-01-2022 15:46:50]: writing to file > ['Best Western California City Inn & Suites', '4.4', '562 reviews']
[23-01-2022 15:46:52]: writing to file > ['Radisson Hotel Chatsworth', '4.1', '518 reviews']
[23-01-2022 15:46:54]: writing to file > ['Hilton Pasadena', '4.3', '1,974 reviews']
[23-01-2022 15:46:56]: writing to file > ['The Cliffs Hotel and Spa', '4.4', '1,540 reviews']
[23-01-2022 15:46:58]: writing to file > ['Omni Los Angeles Hotel at California Plaza', '4.4', '2,871 reviews']
[23-01-2022 15:47:00]: writing to file > ['Holiday Inn Express & Suites Oakhurst-Yosemite Park Area, an IHG Hotel', '4.4', '98 reviews']
[23-01-2022 15:47:02]: writing to file > ['Hotel Mission De Oro', '4.5', '1,174 reviews']
[23-01-2022 15:47:05]: writing to file > ["Disney's Grand Californian Hotel & Spa", '4.7', '9,564 reviews']
[23-01-2022 15:47:07]: writing to file > ['Holiday Inn Burbank-Media Center, an IHG Hotel', '4.2', '2,192 reviews']
[23-01-2022 15:47:13]: writing to file > ['California Hotels', 'None', 'None']
[23-01-2022 15:47:15]: writing to file > ['Post Ranch Inn', '4.7', '293 reviews']
[23-01-2022 15:47:17]: writing to file > ['Comfort Inn & Suites', '4.3', '87 reviews']
[23-01-2022 15:47:19]: writing to file > ['West Inn & Suites', '4.6', '662 reviews']
[23-01-2022 15:47:21]: writing to file > ['Hilton Anaheim', '4.2', '8,495 reviews']
[23-01-2022 15:47:24]: writing to file > ['Imperial Hotel', '4.5', '159 reviews']
[23-01-2022 15:47:26]: writing to file > ['Hotel del Coronado, Curio Collection by Hilton', '4.5', '15,590 reviews']
[23-01-2022 15:47:28]: writing to file > ['California Inn Hotel and Suites', '3.4', '134 reviews']
[23-01-2022 15:47:30]: writing to file > ['Comfort Inn Yosemite Area', '3.9', '708 reviews']
[23-01-2022 15:47:32]: writing to file > ['The Inn at Laguna Beach', '4.3', '555 reviews']
[23-01-2022 15:47:34]: writing to file > ['Yosemite Southgate Hotel and Suites', '4.3', '727 reviews']
[23-01-2022 15:47:46]: writing to file > ['Post Ranch Inn', '4.7', '293 reviews']
[23-01-2022 15:47:48]: writing to file > ['The Inn at Laguna Beach', '4.3', '555 reviews']
[23-01-2022 15:47:50]: writing to file > ['California Inn Hotel and Suites', '3.4', '134 reviews']
[23-01-2022 15:47:52]: writing to file > ['Holiday Inn Express Delano Hwy 99, an IHG Hotel', '3.9', '260 reviews']
[23-01-2022 15:47:54]: writing to file > ['The Pacific Inn', '4.6', '592 reviews']
[23-01-2022 15:47:54]: exiting the browser >
